<?xml version="1.0" encoding="UTF-8"?>
<!-- Generated by org.testng.reporters.JUnitReportReporter -->
<testsuite hostname="Gopinath-PC" name="com.testCompanyName.cashkaro.testscripts.TC001_JoinFree" tests="1" failures="0" timestamp="18 May 2017 18:31:36 GMT" time="19.505" errors="0">
  <testcase name="testJoinFreeUsingButtonAtTop" time="19.505" classname="com.testCompanyName.cashkaro.testscripts.TC001_JoinFree"/>
</testsuite> <!-- com.testCompanyName.cashkaro.testscripts.TC001_JoinFree -->
